<?xml version="1.0" encoding="UTF-8"?>
<testng-results ignored="0" total="2" passed="2" failed="0" skipped="0">
  <reporter-output>
  </reporter-output>
  <suite started-at="2019-11-22T18:41:43 CET" name="Suite1" finished-at="2019-11-22T18:41:43 CET" duration-ms="136">
    <groups>
    </groups>
    <test started-at="2019-11-22T18:41:43 CET" name="TestPeformance" finished-at="2019-11-22T18:41:43 CET" duration-ms="136">
      <class name="analysis.FileTests">
        <test-method signature="TestFile()[pri:0, instance:analysis.FileTests@70b0b186]" started-at="2019-11-22T18:41:43 CET" name="TestFile" finished-at="2019-11-22T18:41:43 CET" duration-ms="16" status="PASS">
          <reporter-output>
          </reporter-output>
        </test-method> <!-- TestFile -->
      </class> <!-- analysis.FileTests -->
      <class name="integration.InegrationTests">
        <test-method is-config="true" signature="init()[pri:0, instance:integration.InegrationTests@7bc1a03d]" started-at="2019-11-22T18:41:43 CET" name="init" finished-at="2019-11-22T18:41:43 CET" duration-ms="40" status="PASS">
          <reporter-output>
          </reporter-output>
        </test-method> <!-- init -->
        <test-method signature="TestPeformance()[pri:0, instance:integration.InegrationTests@7bc1a03d]" started-at="2019-11-22T18:41:43 CET" name="TestPeformance" finished-at="2019-11-22T18:41:43 CET" duration-ms="8" status="PASS">
          <reporter-output>
          </reporter-output>
        </test-method> <!-- TestPeformance -->
      </class> <!-- integration.InegrationTests -->
    </test> <!-- TestPeformance -->
  </suite> <!-- Suite1 -->
</testng-results>
